<?xml version='1.0'?>
<ns2:test-suite xmlns:ns2='urn:model.allure.qatools.yandex.ru' start='1621091618490' stop='1621091644371'>
    <name>To validate A Million More | Volvo Cars - International page - HomePageValidation</name>
    <title>To validate A Million More | Volvo Cars - International page - HomePageValidation</title>
    <test-cases>
        <test-case start='1621091618492' status='passed' stop='1621091625619'>
            <name>Should validate the VideoPanel</name>
            <title>Should validate the VideoPanel</title>
            <labels>
                <label name='language' value='javascript'/>
                <label name='framework' value='wdio'/>
                <label name='thread' value='0-1'/>
                <label name='severity' value='critical'/>
                <label name='feature' value='HomePage'/>
            </labels>
            <parameters>
                <parameter kind='argument' name='browser' value='chrome-90.0.4430.212'/>
            </parameters>
            <steps/>
            <attachments/>
        </test-case>
        <test-case start='1621091625620' status='passed' stop='1621091626871'>
            <name>Validate the modelIntro &amp; videoPanel of homePage</name>
            <title>Validate the modelIntro &amp; videoPanel of homePage</title>
            <labels>
                <label name='language' value='javascript'/>
                <label name='framework' value='wdio'/>
                <label name='thread' value='0-1'/>
                <label name='severity' value='critical'/>
                <label name='feature' value='Header'/>
            </labels>
            <parameters>
                <parameter kind='argument' name='browser' value='chrome-90.0.4430.212'/>
            </parameters>
            <steps/>
            <attachments/>
        </test-case>
        <test-case start='1621091626871' status='broken' stop='1621091633304'>
            <name>Should validate the textStatement &amp; features of homePage</name>
            <title>Should validate the textStatement &amp; features of homePage</title>
            <labels>
                <label name='language' value='javascript'/>
                <label name='framework' value='wdio'/>
                <label name='thread' value='0-1'/>
                <label name='severity' value='critical'/>
                <label name='feature' value='Header'/>
            </labels>
            <parameters>
                <parameter kind='argument' name='browser' value='chrome-90.0.4430.212'/>
            </parameters>
            <steps/>
            <attachments/>
            <failure>
                <message>element click intercepted: Element &lt;div data-component="TextStatement" data-autoid="TextStatement-1" id="TextStatement-1" class="a">...&lt;/div> is not clickable at point (759, 123). Other element would receive the click: &lt;div class="optanon-alert-box-bg">...&lt;/div>
                  (Session info: chrome=90.0.4430.212)</message>
                <stack-trace>element click intercepted: Element &lt;div data-component="TextStatement" data-autoid="TextStatement-1" id="TextStatement-1" class="a">...&lt;/div> is not clickable at point (759, 123). Other element would receive the click: &lt;div class="optanon-alert-box-bg">...&lt;/div>
                  (Session info: chrome=90.0.4430.212)
                    at Object.getErrorFromResponseBody (F:\Repository\Volvo_wdio\node_modules\webdriver\build\utils.js:189:12)
                    at WebDriverRequest._request (F:\Repository\Volvo_wdio\node_modules\webdriver\build\request.js:168:31)
                    at processTicksAndRejections (internal/process/task_queues.js:97:5)
                    at Element.elementErrorHandlerCallbackFn (F:\Repository\Volvo_wdio\node_modules\webdriverio\build\middlewares.js:23:32)
                    at Element.runCommandWithHooks (F:\Repository\Volvo_wdio\node_modules\@wdio\sync\build\wrapCommand.js:105:25)
                    at Element.runCommandWithHooks (F:\Repository\Volvo_wdio\node_modules\@wdio\sync\build\wrapCommand.js:100:24)
                    at Element.wrapCommandFn (F:\Repository\Volvo_wdio\node_modules\@wdio\sync\build\wrapCommand.js:67:44)
                    at Element.elementErrorHandlerCallback (F:\Repository\Volvo_wdio\node_modules\webdriverio\build\middlewares.js:44:12)
                    at Context.&lt;anonymous> (F:\Repository\Volvo_wdio\test\specs\validateHomePage.spec.ts:33:32)
                    at Context.executeSync (F:\Repository\Volvo_wdio\node_modules\@wdio\sync\build\index.js:38:22)
                    at F:\Repository\Volvo_wdio\node_modules\@wdio\sync\build\index.js:69:68</stack-trace>
            </failure>
        </test-case>
        <test-case start='1621091633305' status='broken' stop='1621091633750'>
            <name>Should validate the VideoTestimonials of homePage</name>
            <title>Should validate the VideoTestimonials of homePage</title>
            <labels>
                <label name='language' value='javascript'/>
                <label name='framework' value='wdio'/>
                <label name='thread' value='0-1'/>
                <label name='severity' value='critical'/>
                <label name='feature' value='Header'/>
            </labels>
            <parameters>
                <parameter kind='argument' name='browser' value='chrome-90.0.4430.212'/>
            </parameters>
            <steps/>
            <attachments/>
            <failure>
                <message>Cannot read property 'waitForDisplayed' of undefined</message>
                <stack-trace>TypeError: Cannot read property 'waitForDisplayed' of undefined
                    at Context.&lt;anonymous> (F:\Repository\Volvo_wdio\test\specs\validateHomePage.spec.ts:48:73)
                    at Context.executeSync (F:\Repository\Volvo_wdio\node_modules\@wdio\sync\build\index.js:38:22)
                    at F:\Repository\Volvo_wdio\node_modules\@wdio\sync\build\index.js:69:68</stack-trace>
            </failure>
        </test-case>
        <test-case start='1621091633750' status='broken' stop='1621091644369'>
            <name>Should close the popups and Validate that the homepage is displayed</name>
            <title>Should close the popups and Validate that the homepage is displayed</title>
            <labels>
                <label name='language' value='javascript'/>
                <label name='framework' value='wdio'/>
                <label name='thread' value='0-1'/>
                <label name='severity' value='critical'/>
                <label name='feature' value='Header'/>
            </labels>
            <parameters>
                <parameter kind='argument' name='browser' value='chrome-90.0.4430.212'/>
            </parameters>
            <steps/>
            <attachments/>
            <failure>
                <message>Can't call click on element with selector "[data-autoid*='siteNavCloseIcon']" because element wasn't found</message>
                <stack-trace>Error: Can't call click on element with selector "[data-autoid*='siteNavCloseIcon']" because element wasn't found
                    at Object.implicitWait [as default] (F:\Repository\Volvo_wdio\node_modules\webdriverio\build\utils\implicitWait.js:34:19)
                    at Element.runCommandWithHooks (F:\Repository\Volvo_wdio\node_modules\@wdio\sync\build\wrapCommand.js:100:24)
                    at Element.wrapCommandFn (F:\Repository\Volvo_wdio\node_modules\@wdio\sync\build\wrapCommand.js:67:44)
                    at Element.elementErrorHandlerCallback (F:\Repository\Volvo_wdio\node_modules\webdriverio\build\middlewares.js:44:12)
                    at Context.&lt;anonymous> (F:\Repository\Volvo_wdio\test\specs\validateHomePage.spec.ts:60:40)
                    at Context.executeSync (F:\Repository\Volvo_wdio\node_modules\@wdio\sync\build\index.js:38:22)
                    at F:\Repository\Volvo_wdio\node_modules\@wdio\sync\build\index.js:69:68</stack-trace>
            </failure>
        </test-case>
    </test-cases>
</ns2:test-suite>