<?xml version='1.0'?>
<ns2:test-suite xmlns:ns2='urn:model.allure.qatools.yandex.ru' start='1621157912068' stop='1621157968008'>
    <name>To validate A Million More | Volvo Cars - International page - FooterValidation</name>
    <title>To validate A Million More | Volvo Cars - International page - FooterValidation</title>
    <test-cases>
        <test-case start='1621157912068' status='passed' stop='1621157914799'>
            <name>Validate the title</name>
            <title>Validate the title</title>
            <labels>
                <label name='language' value='javascript'/>
                <label name='framework' value='wdio'/>
                <label name='thread' value='0-0'/>
                <label name='severity' value='critical'/>
                <label name='feature' value='HomePage'/>
            </labels>
            <parameters>
                <parameter kind='argument' name='browser' value='chrome-90.0.4430.212'/>
            </parameters>
            <steps/>
            <attachments/>
        </test-case>
        <test-case start='1621157914800' status='broken' stop='1621157967644'>
            <name>Should validate the exploreOurModels section of homePage</name>
            <title>Should validate the exploreOurModels section of homePage</title>
            <labels>
                <label name='language' value='javascript'/>
                <label name='framework' value='wdio'/>
                <label name='thread' value='0-0'/>
                <label name='severity' value='critical'/>
                <label name='feature' value='Header'/>
            </labels>
            <parameters>
                <parameter kind='argument' name='browser' value='chrome-90.0.4430.212'/>
            </parameters>
            <steps/>
            <attachments/>
            <failure>
                <message>element not interactable
                  (Session info: chrome=90.0.4430.212)</message>
                <stack-trace>element not interactable
                  (Session info: chrome=90.0.4430.212)
                    at Object.getErrorFromResponseBody (F:\Repository\Volvo_wdio\node_modules\webdriver\build\utils.js:189:12)
                    at WebDriverRequest._request (F:\Repository\Volvo_wdio\node_modules\webdriver\build\request.js:168:31)
                    at runMicrotasks (&lt;anonymous>)
                    at processTicksAndRejections (internal/process/task_queues.js:97:5)
                    at Element.elementErrorHandlerCallbackFn (F:\Repository\Volvo_wdio\node_modules\webdriverio\build\middlewares.js:23:32)
                    at Element.runCommandWithHooks (F:\Repository\Volvo_wdio\node_modules\@wdio\sync\build\wrapCommand.js:105:25)
                    at Element.runCommandWithHooks (F:\Repository\Volvo_wdio\node_modules\@wdio\sync\build\wrapCommand.js:100:24)
                    at Element.wrapCommandFn (F:\Repository\Volvo_wdio\node_modules\@wdio\sync\build\wrapCommand.js:67:44)
                    at Element.elementErrorHandlerCallback (F:\Repository\Volvo_wdio\node_modules\webdriverio\build\middlewares.js:44:12)
                    at HomePage.validateExploreOurModels (F:\Repository\Volvo_wdio\test\pageobjects\home.page.ts:241:36)
                    at Context.&lt;anonymous> (F:\Repository\Volvo_wdio\test\specs\validateFooter.spec.ts:19:25)
                    at Context.executeSync (F:\Repository\Volvo_wdio\node_modules\@wdio\sync\build\index.js:38:22)
                    at F:\Repository\Volvo_wdio\node_modules\@wdio\sync\build\index.js:69:68</stack-trace>
            </failure>
        </test-case>
        <test-case start='1621157967649' status='failed' stop='1621157968007'>
            <name>Should validate the footer links and Copyrights info</name>
            <title>Should validate the footer links and Copyrights info</title>
            <labels>
                <label name='language' value='javascript'/>
                <label name='framework' value='wdio'/>
                <label name='thread' value='0-0'/>
                <label name='severity' value='critical'/>
                <label name='feature' value='Header'/>
            </labels>
            <parameters>
                <parameter kind='argument' name='browser' value='chrome-90.0.4430.212'/>
            </parameters>
            <steps/>
            <attachments/>
            <failure>
                <message>The footerLink Legal should displayed: expected 'Cookies' to equal 'Legal'</message>
                <stack-trace>AssertionError: The footerLink Legal should displayed: expected 'Cookies' to equal 'Legal'
                    at Context.&lt;anonymous> (F:\Repository\Volvo_wdio\test\specs\validateFooter.spec.ts:29:95)
                    at Context.executeSync (F:\Repository\Volvo_wdio\node_modules\@wdio\sync\build\index.js:38:22)
                    at F:\Repository\Volvo_wdio\node_modules\@wdio\sync\build\index.js:69:68</stack-trace>
            </failure>
        </test-case>
    </test-cases>
</ns2:test-suite>