<?xml version='1.0'?>
<ns2:test-suite xmlns:ns2='urn:model.allure.qatools.yandex.ru' start='1621070663065' stop='1621070678682'>
    <name>To validate A Million More | Volvo Cars - International page - HeaderValidation</name>
    <title>To validate A Million More | Volvo Cars - International page - HeaderValidation</title>
    <test-cases>
        <test-case start='1621070663066' status='broken' stop='1621070676260'>
            <name>should validate the title</name>
            <title>should validate the title</title>
            <labels>
                <label name='language' value='javascript'/>
                <label name='framework' value='wdio'/>
                <label name='thread' value='0-0'/>
                <label name='severity' value='critical'/>
                <label name='feature' value='HomePage'/>
            </labels>
            <parameters>
                <parameter kind='argument' name='browser' value='chrome-90.0.4430.212'/>
            </parameters>
            <steps/>
            <attachments/>
            <failure>
                <message>element ("div.optanon-alert-box-bg") still not displayed after 10000ms</message>
                <stack-trace>Error: element ("div.optanon-alert-box-bg") still not displayed after 10000ms
                    at F:\Repository\Volvo_wdio\node_modules\webdriverio\build\commands\browser\waitUntil.js:66:23
                    at Element.elementErrorHandlerCallbackFn (F:\Repository\Volvo_wdio\node_modules\webdriverio\build\middlewares.js:23:32)
                    at Element.runCommandWithHooks (F:\Repository\Volvo_wdio\node_modules\@wdio\sync\build\wrapCommand.js:105:25)
                    at Element.runCommandWithHooks (F:\Repository\Volvo_wdio\node_modules\@wdio\sync\build\wrapCommand.js:100:24)
                    at Element.wrapCommandFn (F:\Repository\Volvo_wdio\node_modules\@wdio\sync\build\wrapCommand.js:67:44)
                    at Element.elementErrorHandlerCallback (F:\Repository\Volvo_wdio\node_modules\webdriverio\build\middlewares.js:44:12)
                    at Element.waitForDisplayed (F:\Repository\Volvo_wdio\node_modules\webdriverio\build\commands\element\waitForDisplayed.js:39:17)
                    at Element.wrapCommandFn (F:\Repository\Volvo_wdio\node_modules\@wdio\sync\build\wrapCommand.js:60:23)
                    at Element.elementErrorHandlerCallbackFn (F:\Repository\Volvo_wdio\node_modules\webdriverio\build\middlewares.js:23:65)
                    at processTicksAndRejections (internal/process/task_queues.js:97:5)
                    at HomePage.Page.acceptCookies (F:\Repository\Volvo_wdio\test\pageobjects\page.ts:21:47)
                    at HomePage.Page.open (F:\Repository\Volvo_wdio\test\pageobjects\page.ts:13:14)
                    at HomePage.open (F:\Repository\Volvo_wdio\test\pageobjects\home.page.ts:115:19)
                    at Context.&lt;anonymous> (F:\Repository\Volvo_wdio\test\specs\HeaderValidation.spec.ts:11:18)
                    at Context.executeSync (F:\Repository\Volvo_wdio\node_modules\@wdio\sync\build\index.js:38:22)
                    at F:\Repository\Volvo_wdio\node_modules\@wdio\sync\build\index.js:69:68</stack-trace>
            </failure>
        </test-case>
        <test-case start='1621070676261' status='passed' stop='1621070676483'>
            <name>should validate the header section of homePage</name>
            <title>should validate the header section of homePage</title>
            <labels>
                <label name='language' value='javascript'/>
                <label name='framework' value='wdio'/>
                <label name='thread' value='0-0'/>
                <label name='severity' value='critical'/>
                <label name='feature' value='Header'/>
            </labels>
            <parameters>
                <parameter kind='argument' name='browser' value='chrome-90.0.4430.212'/>
            </parameters>
            <steps/>
            <attachments/>
        </test-case>
        <test-case start='1621070676483' status='passed' stop='1621070677777'>
            <name>should validate the Cars Menu of homePage</name>
            <title>should validate the Cars Menu of homePage</title>
            <labels>
                <label name='language' value='javascript'/>
                <label name='framework' value='wdio'/>
                <label name='thread' value='0-0'/>
                <label name='severity' value='critical'/>
                <label name='feature' value='Header'/>
            </labels>
            <parameters>
                <parameter kind='argument' name='browser' value='chrome-90.0.4430.212'/>
            </parameters>
            <steps/>
            <attachments/>
        </test-case>
        <test-case start='1621070677777' status='failed' stop='1621070678681'>
            <name>should validate the Cars present in each tabs</name>
            <title>should validate the Cars present in each tabs</title>
            <labels>
                <label name='language' value='javascript'/>
                <label name='framework' value='wdio'/>
                <label name='thread' value='0-0'/>
                <label name='severity' value='critical'/>
                <label name='feature' value='Header'/>
            </labels>
            <parameters>
                <parameter kind='argument' name='browser' value='chrome-90.0.4430.212'/>
            </parameters>
            <steps/>
            <attachments/>
            <failure>
                <message>All cars under each tab should be displayed: expected 0 to equal 16</message>
                <stack-trace>AssertionError: All cars under each tab should be displayed: expected 0 to equal 16
                    at Context.&lt;anonymous> (F:\Repository\Volvo_wdio\test\specs\HeaderValidation.spec.ts:41:73)
                    at Context.executeSync (F:\Repository\Volvo_wdio\node_modules\@wdio\sync\build\index.js:38:22)
                    at F:\Repository\Volvo_wdio\node_modules\@wdio\sync\build\index.js:69:68</stack-trace>
            </failure>
        </test-case>
    </test-cases>
</ns2:test-suite>